0 info it worked if it ends with ok
1 verbose cli [ '/usr/bin/nodejs', '/usr/bin/npm', 'run', 'dev' ]
2 info using npm@3.5.2
3 info using node@v4.2.6
4 verbose run-script [ 'predev', 'dev', 'postdev' ]
5 info lifecycle petinder@1.0.0~predev: petinder@1.0.0
6 silly lifecycle petinder@1.0.0~predev: no script for predev, continuing
7 info lifecycle petinder@1.0.0~dev: petinder@1.0.0
8 verbose lifecycle petinder@1.0.0~dev: unsafe-perm in lifecycle true
9 verbose lifecycle petinder@1.0.0~dev: PATH: /usr/share/npm/bin/node-gyp-bin:/home/aaron/Code/omlti-petinder/node_modules/.bin:/usr/local/sbin:/usr/local/bin:/usr/sbin:/usr/bin:/sbin:/bin:/snap/bin
10 verbose lifecycle petinder@1.0.0~dev: CWD: /home/aaron/Code/omlti-petinder
11 silly lifecycle petinder@1.0.0~dev: Args: [ '-c', 'concurrently "nodemon server.js" "npm run client"' ]
12 silly lifecycle petinder@1.0.0~dev: Returned: code: 1  signal: null
13 info lifecycle petinder@1.0.0~dev: Failed to exec dev script
14 verbose stack Error: petinder@1.0.0 dev: `concurrently "nodemon server.js" "npm run client"`
14 verbose stack Exit status 1
14 verbose stack     at EventEmitter.<anonymous> (/usr/share/npm/lib/utils/lifecycle.js:232:16)
14 verbose stack     at emitTwo (events.js:87:13)
14 verbose stack     at EventEmitter.emit (events.js:172:7)
14 verbose stack     at ChildProcess.<anonymous> (/usr/share/npm/lib/utils/spawn.js:24:14)
14 verbose stack     at emitTwo (events.js:87:13)
14 verbose stack     at ChildProcess.emit (events.js:172:7)
14 verbose stack     at maybeClose (internal/child_process.js:821:16)
14 verbose stack     at Process.ChildProcess._handle.onexit (internal/child_process.js:211:5)
15 verbose pkgid petinder@1.0.0
16 verbose cwd /home/aaron/Code/omlti-petinder
17 error Linux 4.15.0-34-generic
18 error argv "/usr/bin/nodejs" "/usr/bin/npm" "run" "dev"
19 error node v4.2.6
20 error npm  v3.5.2
21 error code ELIFECYCLE
22 error petinder@1.0.0 dev: `concurrently "nodemon server.js" "npm run client"`
22 error Exit status 1
23 error Failed at the petinder@1.0.0 dev script 'concurrently "nodemon server.js" "npm run client"'.
23 error Make sure you have the latest version of node.js and npm installed.
23 error If you do, this is most likely a problem with the petinder package,
23 error not with npm itself.
23 error Tell the author that this fails on your system:
23 error     concurrently "nodemon server.js" "npm run client"
23 error You can get information on how to open an issue for this project with:
23 error     npm bugs petinder
23 error Or if that isn't available, you can get their info via:
23 error     npm owner ls petinder
23 error There is likely additional logging output above.
24 verbose exit [ 1, true ]
